<?xml version="1.0" encoding="UTF-8"?>
<testng-results ignored="0" total="1" passed="1" failed="0" skipped="0">
  <reporter-output>
  </reporter-output>
  <suite started-at="2023-07-18T19:58:24 IST" name="Default suite" finished-at="2023-07-18T19:58:30 IST" duration-ms="6765">
    <groups>
    </groups>
    <test started-at="2023-07-18T19:58:24 IST" name="Default test" finished-at="2023-07-18T19:58:30 IST" duration-ms="6765">
      <class name="Demopractice.Testdemo">
        <test-method signature="check()[pri:0, instance:Demopractice.Testdemo@6af93788]" started-at="2023-07-18T19:58:24 IST" name="check" finished-at="2023-07-18T19:58:30 IST" duration-ms="6726" status="PASS">
          <reporter-output>
          </reporter-output>
        </test-method> <!-- check -->
      </class> <!-- Demopractice.Testdemo -->
    </test> <!-- Default test -->
  </suite> <!-- Default suite -->
</testng-results>
